<?xml version="1.0" encoding="UTF-8"?>
<testsuite xmlns:xsi="http://www.w3.org/2001/XMLSchema-instance" xsi:noNamespaceSchemaLocation="https://maven.apache.org/surefire/maven-surefire-plugin/xsd/surefire-test-report-3.0.xsd" version="3.0" name="com.smartcharge.flink.parser.SignalParserTest" time="0.182" tests="22" errors="0" skipped="0" failures="0">
  <properties>
[...]
</properties>
  <testcase name="expandsRepeatingGroupSignals" classname="com.smartcharge.flink.parser.SignalParserTest" time="0.019"/>
  <testcase name="extractsSingleBit" classname="com.smartcharge.flink.parser.SignalParserTest" time="0.001"/>
  <testcase name="bcdTimeMidnight" classname="com.smartcharge.flink.parser.SignalParserTest" time="0.001"/>
  <testcase name="hexToBytesParsesCorrectly" classname="com.smartcharge.flink.parser.SignalParserTest" time="0.0"/>
  <testcase name="singleRepeatTreatedAsNonRepeating" classname="com.smartcharge.flink.parser.SignalParserTest" time="0.0"/>
  <testcase name="extractsMultiBitWithinByte" classname="com.smartcharge.flink.parser.SignalParserTest" time="0.0"/>
  <testcase name="rejectsInvalidHex" classname="com.smartcharge.flink.parser.SignalParserTest" time="0.001"/>
  <testcase name="signExtendPositiveValue" classname="com.smartcharge.flink.parser.SignalParserTest" time="0.0"/>
  <testcase name="expandedSignalsHaveCorrectValues" classname="com.smartcharge.flink.parser.SignalParserTest" time="0.0"/>
  <testcase name="nonGroupedSignalsUnchanged" classname="com.smartcharge.flink.parser.SignalParserTest" time="0.001"/>
  <testcase name="signExtendNegativeValue" classname="com.smartcharge.flink.parser.SignalParserTest" time="0.0"/>
  <testcase name="bcdTimeWithOffset" classname="com.smartcharge.flink.parser.SignalParserTest" time="0.0"/>
  <testcase name="parsesFullFrame" classname="com.smartcharge.flink.parser.SignalParserTest" time="0.001"/>
  <testcase name="bcdTimeDecodes24Bit" classname="com.smartcharge.flink.parser.SignalParserTest" time="0.0"/>
  <testcase name="bcdTimeDecodes32Bit" classname="com.smartcharge.flink.parser.SignalParserTest" time="0.0"/>
  <testcase name="rejectsWrongLength" classname="com.smartcharge.flink.parser.SignalParserTest" time="0.002"/>
  <testcase name="handlesSignedNegativeValue" classname="com.smartcharge.flink.parser.SignalParserTest" time="0.001"/>
  <testcase name="signExtend16BitNegative" classname="com.smartcharge.flink.parser.SignalParserTest" time="0.001"/>
  <testcase name="repeatingGroupUsesCorrectBitOffsets" classname="com.smartcharge.flink.parser.SignalParserTest" time="0.001"/>
  <testcase name="parserMetadataCorrect" classname="com.smartcharge.flink.parser.SignalParserTest" time="0.0"/>
  <testcase name="parsesZeroFrame" classname="com.smartcharge.flink.parser.SignalParserTest" time="0.0"/>
  <testcase name="hexToBytesCaseInsensitive" classname="com.smartcharge.flink.parser.SignalParserTest" time="0.001"/>
</testsuite>